<?xml version="1.0" encoding="UTF-8"?>
<coverage generated="1635926235497" clover="3.2.0">
  <project timestamp="1635926235497" name="All files">
    <metrics statements="2" coveredstatements="2" conditionals="4" coveredconditionals="4" methods="0" coveredmethods="0" elements="6" coveredelements="6" complexity="0" loc="2" ncloc="2" packages="1" files="1" classes="1"/>
    <file name="config.ts" path="/home/ubuntu/projects/findme/api/src/utils/config.ts">
      <metrics statements="2" coveredstatements="2" conditionals="4" coveredconditionals="4" methods="0" coveredmethods="0"/>
      <line num="2" count="1" type="stmt"/>
      <line num="4" count="1" type="stmt"/>
    </file>
  </project>
</coverage>
